
> my-project@0.1.0 build
> next build

▲ Next.js 16.2.0 (Turbopack)

  Creating an optimized production build ...
✓ Compiled successfully in 11.6s
  Skipping validation of types
  Finished TypeScript config validation in 11ms ...
  Collecting page data using 3 workers ...
  Generating static pages using 3 workers (0/70) ...
  Generating static pages using 3 workers (17/70)
  Generating static pages using 3 workers (34/70)
  Generating static pages using 3 workers (52/70)
✓ Generating static pages using 3 workers (70/70) in 1023ms
  Finalizing page optimization ...

Route (app)
┌ ○ /
├ ○ /_not-found
├ ○ /admin
├ ƒ /api/admin/jobs
├ ƒ /api/admin/login
├ ƒ /api/admin/payments
├ ƒ /api/admin/stats
├ ƒ /api/admin/users
├ ƒ /api/admin/withdrawals
├ ƒ /api/applications
├ ƒ /api/auth/check-user
├ ƒ /api/auth/github
├ ƒ /api/auth/github/callback
├ ƒ /api/auth/google
├ ƒ /api/auth/google/callback
├ ƒ /api/auth/login
├ ƒ /api/auth/register
├ ƒ /api/auth/send-otp
├ ƒ /api/auth/verify-otp
├ ƒ /api/chat
├ ƒ /api/contact
├ ƒ /api/disputes
├ ƒ /api/earnings
├ ƒ /api/feed
├ ƒ /api/freelancers
├ ƒ /api/messages
├ ƒ /api/milestones
├ ƒ /api/notifications
├ ƒ /api/notifications/push
├ ƒ /api/payments
├ ƒ /api/payments/korapay
├ ƒ /api/profile
├ ƒ /api/projects
├ ƒ /api/reviews
├ ƒ /api/storage/upload
├ ƒ /api/wallet
├ ƒ /api/wallet/transfer
├ ○ /applications
├ ○ /auth/github-success
├ ○ /auth/login
├ ○ /auth/register
├ ○ /client
├ ○ /client/dashboard
├ ○ /contact
├ ○ /cookies
├ ○ /dashboard
├ ○ /disputes
├ ○ /earnings
├ ○ /feed
├ ○ /forgot-password
├ ○ /freelancer
├ ƒ /freelancer/[id]
├ ○ /freelancer/dashboard
├ ○ /freelancers
├ ○ /how-it-works
├ ○ /jobs
├ ƒ /jobs/[id]
├ ○ /jobs/post
├ ○ /login
├ ○ /messages
├ ○ /milestones
├ ○ /notifications
├ ○ /payments
├ ○ /pricing
├ ○ /privacy
├ ƒ /profile/[id]
├ ○ /projects
├ ○ /reviews
├ ○ /settings
├ ○ /signup
├ ○ /terms
└ ○ /wallet


ƒ Proxy (Middleware)

○  (Static)   prerendered as static content
ƒ  (Dynamic)  server-rendered on demand
